#
# A fatal error has been detected by the Java Runtime Environment:
#
#  EXCEPTION_ACCESS_VIOLATION (0xc0000005) at pc=0x74c5af8c, pid=27508, tid=0x00007cd8
#
# JRE version: Java(TM) SE Runtime Environment (8.0_131-b11) (build 1.8.0_131-b11)
# Java VM: Java HotSpot(TM) Client VM (25.131-b11 mixed mode windows-x86 )
# Problematic frame:
# C  [combase.dll+0x13af8c]
#
# Failed to write core dump. Minidumps are not enabled by default on client versions of Windows
#
# If you would like to submit a bug report, please visit:
#   http://bugreport.java.com/bugreport/crash.jsp
# The crash happened outside the Java Virtual Machine in native code.
# See problematic frame for where to report the bug.
#

---------------  T H R E A D  ---------------

Current thread (0x266cc400):  JavaThread "pool-1-thread-1" [_thread_in_native, id=31960, stack(0x29a40000,0x29a90000)]

siginfo: ExceptionCode=0xc0000005, reading address 0x00000004

Registers:
EAX=0x012a8f30, EBX=0x29a8ea08, ECX=0x00000000, EDX=0x01260000
ESP=0x29a8e828, EBP=0x29a8e880, ESI=0x00000000, EDI=0x01271064
EIP=0x74c5af8c, EFLAGS=0x00010246

Top of Stack: (sp=0x29a8e828)
0x29a8e828:   01271064 29a8ea08 29a8ea08 0126e2b8
0x29a8e838:   00000000 01295098 0126e2b8 012950dc
0x29a8e848:   00000000 00000000 00000000 00000068
0x29a8e858:   29a8e8d8 00000000 26eb91ec 0128bfb0
0x29a8e868:   29a8e8f0 00000000 00000000 00000000
0x29a8e878:   00000000 e8aed572 29a8e914 74c5a95a
0x29a8e888:   29a8ea08 26eb91ec 00000000 29a8e8f0
0x29a8e898:   26eb91ec 29a8e8d8 0128bfb0 01271064 

Instructions: (pc=0x74c5af8c)
0x74c5af6c:   00 00 20 00 0f 85 0f 66 00 00 32 f6 c7 43 14 00
0x74c5af7c:   00 00 00 8b 4f 34 89 4b 18 f7 43 28 00 80 00 00
0x74c5af8c:   8b 41 04 89 44 24 44 8b 41 08 89 44 24 48 8b 41
0x74c5af9c:   0c 89 44 24 4c 8b 41 10 89 44 24 50 75 1f 84 d2 


Register to memory mapping:

EAX=0x012a8f30 is an unknown value
EBX=0x29a8ea08 is pointing into the stack for thread: 0x266cc400
ECX=0x00000000 is an unknown value
EDX=0x01260000 is an unknown value
ESP=0x29a8e828 is pointing into the stack for thread: 0x266cc400
EBP=0x29a8e880 is pointing into the stack for thread: 0x266cc400
ESI=0x00000000 is an unknown value
EDI=0x01271064 is an unknown value


Stack: [0x29a40000,0x29a90000],  sp=0x29a8e828,  free space=314k
Native frames: (J=compiled Java code, j=interpreted, Vv=VM code, C=native code)
C  [combase.dll+0x13af8c]
C  [combase.dll+0x13a95a]
C  [combase.dll+0x352c4]
C  [combase.dll+0x139eaa]
C  [RPCRT4.dll+0x257dc]
C  [RPCRT4.dll+0xa6ba0]
C  [combase.dll+0x139e1e]
C  [combase.dll+0x35e5f]
C  [JCustomOpc.dll+0x5729d]
C  [JCustomOpc.dll+0x641a8]
C  [JCustomOpc.dll+0x64243]
j  javafish.clients.opc.JOpc.registerGroupsNative()V+0
j  javafish.clients.opc.JOpc.registerGroups()V+1
j  com.auto.manager.JOpcManager.synchReadItem(Ljavafish/clients/opc/component/OpcGroup;Ljavafish/clients/opc/component/OpcItem;)Ljavafish/clients/opc/component/OpcItem;+20
j  com.auto.service.impl.SyncAndonDataServiceImpl.syncReadRecordFromAndon()V+59
j  com.auto.service.impl.SyncAndonDataServiceImpl$$FastClassBySpringCGLIB$$40794b13.invoke(ILjava/lang/Object;[Ljava/lang/Object;)Ljava/lang/Object;+36
j  org.springframework.cglib.proxy.MethodProxy.invoke(Ljava/lang/Object;[Ljava/lang/Object;)Ljava/lang/Object;+19
j  org.springframework.aop.framework.CglibAopProxy$CglibMethodInvocation.invokeJoinpoint()Ljava/lang/Object;+19
j  org.springframework.aop.framework.ReflectiveMethodInvocation.proceed()Ljava/lang/Object;+19
j  org.springframework.transaction.interceptor.TransactionInterceptor$1.proceedWithInvocation()Ljava/lang/Object;+4
j  org.springframework.transaction.interceptor.TransactionAspectSupport.invokeWithinTransaction(Ljava/lang/reflect/Method;Ljava/lang/Class;Lorg/springframework/transaction/interceptor/TransactionAspectSupport$InvocationCallback;)Ljava/lang/Object;+58
j  org.springframework.transaction.interceptor.TransactionInterceptor.invoke(Lorg/aopalliance/intercept/MethodInvocation;)Ljava/lang/Object;+40
j  org.springframework.aop.framework.ReflectiveMethodInvocation.proceed()Ljava/lang/Object;+101
j  org.springframework.aop.framework.CglibAopProxy$DynamicAdvisedInterceptor.intercept(Ljava/lang/Object;Ljava/lang/reflect/Method;[Ljava/lang/Object;Lorg/springframework/cglib/proxy/MethodProxy;)Ljava/lang/Object;+120
j  com.auto.service.impl.SyncAndonDataServiceImpl$$EnhancerBySpringCGLIB$$393059ca.syncReadRecordFromAndon()V+31
j  com.auto.Scheduler.testTasks()V+15
v  ~StubRoutines::call_stub
V  [jvm.dll+0x15af45]
V  [jvm.dll+0x2213ae]
V  [jvm.dll+0x15afde]
V  [jvm.dll+0x167758]
V  [jvm.dll+0x1679c3]
V  [jvm.dll+0x104093]
C  [java.dll+0x3b26]
j  sun.reflect.NativeMethodAccessorImpl.invoke(Ljava/lang/Object;[Ljava/lang/Object;)Ljava/lang/Object;+100
J 493 C1 sun.reflect.DelegatingMethodAccessorImpl.invoke(Ljava/lang/Object;[Ljava/lang/Object;)Ljava/lang/Object; (10 bytes) @ 0x03145090 [0x03145050+0x40]
J 492 C1 java.lang.reflect.Method.invoke(Ljava/lang/Object;[Ljava/lang/Object;)Ljava/lang/Object; (62 bytes) @ 0x03144dac [0x03144cc0+0xec]
j  org.springframework.scheduling.support.ScheduledMethodRunnable.run()V+19
j  org.springframework.scheduling.support.DelegatingErrorHandlingRunnable.run()V+4
j  java.util.concurrent.Executors$RunnableAdapter.call()Ljava/lang/Object;+4
j  java.util.concurrent.FutureTask.runAndReset()Z+47
j  java.util.concurrent.ScheduledThreadPoolExecutor$ScheduledFutureTask.access$301(Ljava/util/concurrent/ScheduledThreadPoolExecutor$ScheduledFutureTask;)Z+1
j  java.util.concurrent.ScheduledThreadPoolExecutor$ScheduledFutureTask.run()V+37
j  java.util.concurrent.ThreadPoolExecutor.runWorker(Ljava/util/concurrent/ThreadPoolExecutor$Worker;)V+95
j  java.util.concurrent.ThreadPoolExecutor$Worker.run()V+5
j  java.lang.Thread.run()V+11
v  ~StubRoutines::call_stub
V  [jvm.dll+0x15af45]
V  [jvm.dll+0x2213ae]
V  [jvm.dll+0x15afde]
V  [jvm.dll+0x15b166]
V  [jvm.dll+0x15b1d7]
V  [jvm.dll+0xff36f]
V  [jvm.dll+0x17dc30]
V  [jvm.dll+0x17e4aa]
V  [jvm.dll+0x1c2ec6]
C  [msvcr100.dll+0x5c556]
C  [msvcr100.dll+0x5c600]
C  [KERNEL32.DLL+0x1919f]
C  [ntdll.dll+0x5ab8f]
C  [ntdll.dll+0x5ab5a]
C  0x00000000

Java frames: (J=compiled Java code, j=interpreted, Vv=VM code)
j  javafish.clients.opc.JOpc.registerGroupsNative()V+0
j  javafish.clients.opc.JOpc.registerGroups()V+1
j  com.auto.manager.JOpcManager.synchReadItem(Ljavafish/clients/opc/component/OpcGroup;Ljavafish/clients/opc/component/OpcItem;)Ljavafish/clients/opc/component/OpcItem;+20
j  com.auto.service.impl.SyncAndonDataServiceImpl.syncReadRecordFromAndon()V+59
j  com.auto.service.impl.SyncAndonDataServiceImpl$$FastClassBySpringCGLIB$$40794b13.invoke(ILjava/lang/Object;[Ljava/lang/Object;)Ljava/lang/Object;+36
j  org.springframework.cglib.proxy.MethodProxy.invoke(Ljava/lang/Object;[Ljava/lang/Object;)Ljava/lang/Object;+19
j  org.springframework.aop.framework.CglibAopProxy$CglibMethodInvocation.invokeJoinpoint()Ljava/lang/Object;+19
j  org.springframework.aop.framework.ReflectiveMethodInvocation.proceed()Ljava/lang/Object;+19
j  org.springframework.transaction.interceptor.TransactionInterceptor$1.proceedWithInvocation()Ljava/lang/Object;+4
j  org.springframework.transaction.interceptor.TransactionAspectSupport.invokeWithinTransaction(Ljava/lang/reflect/Method;Ljava/lang/Class;Lorg/springframework/transaction/interceptor/TransactionAspectSupport$InvocationCallback;)Ljava/lang/Object;+58
j  org.springframework.transaction.interceptor.TransactionInterceptor.invoke(Lorg/aopalliance/intercept/MethodInvocation;)Ljava/lang/Object;+40
j  org.springframework.aop.framework.ReflectiveMethodInvocation.proceed()Ljava/lang/Object;+101
j  org.springframework.aop.framework.CglibAopProxy$DynamicAdvisedInterceptor.intercept(Ljava/lang/Object;Ljava/lang/reflect/Method;[Ljava/lang/Object;Lorg/springframework/cglib/proxy/MethodProxy;)Ljava/lang/Object;+120
j  com.auto.service.impl.SyncAndonDataServiceImpl$$EnhancerBySpringCGLIB$$393059ca.syncReadRecordFromAndon()V+31
j  com.auto.Scheduler.testTasks()V+15
v  ~StubRoutines::call_stub
j  sun.reflect.NativeMethodAccessorImpl.invoke0(Ljava/lang/reflect/Method;Ljava/lang/Object;[Ljava/lang/Object;)Ljava/lang/Object;+0
j  sun.reflect.NativeMethodAccessorImpl.invoke(Ljava/lang/Object;[Ljava/lang/Object;)Ljava/lang/Object;+100
J 493 C1 sun.reflect.DelegatingMethodAccessorImpl.invoke(Ljava/lang/Object;[Ljava/lang/Object;)Ljava/lang/Object; (10 bytes) @ 0x03145090 [0x03145050+0x40]
J 492 C1 java.lang.reflect.Method.invoke(Ljava/lang/Object;[Ljava/lang/Object;)Ljava/lang/Object; (62 bytes) @ 0x03144dac [0x03144cc0+0xec]
j  org.springframework.scheduling.support.ScheduledMethodRunnable.run()V+19
j  org.springframework.scheduling.support.DelegatingErrorHandlingRunnable.run()V+4
j  java.util.concurrent.Executors$RunnableAdapter.call()Ljava/lang/Object;+4
j  java.util.concurrent.FutureTask.runAndReset()Z+47
j  java.util.concurrent.ScheduledThreadPoolExecutor$ScheduledFutureTask.access$301(Ljava/util/concurrent/ScheduledThreadPoolExecutor$ScheduledFutureTask;)Z+1
j  java.util.concurrent.ScheduledThreadPoolExecutor$ScheduledFutureTask.run()V+37
j  java.util.concurrent.ThreadPoolExecutor.runWorker(Ljava/util/concurrent/ThreadPoolExecutor$Worker;)V+95
j  java.util.concurrent.ThreadPoolExecutor$Worker.run()V+5
j  java.lang.Thread.run()V+11
v  ~StubRoutines::call_stub

---------------  P R O C E S S  ---------------

Java Threads: ( => current thread )
  0x2806e400 JavaThread "http-nio-8080-Acceptor-0" daemon [_thread_in_native, id=41388, stack(0x29e10000,0x29e60000)]
  0x2806f800 JavaThread "http-nio-8080-ClientPoller-1" daemon [_thread_in_native, id=40256, stack(0x29d80000,0x29dd0000)]
  0x2806ec00 JavaThread "http-nio-8080-ClientPoller-0" daemon [_thread_in_native, id=36460, stack(0x29cf0000,0x29d40000)]
  0x28070400 JavaThread "NioBlockingSelector.BlockPoller-1" daemon [_thread_in_native, id=41796, stack(0x29c60000,0x29cb0000)]
=>0x266cc400 JavaThread "pool-1-thread-1" [_thread_in_native, id=31960, stack(0x29a40000,0x29a90000)]
  0x266ccc00 JavaThread "Live Reload Server" daemon [_thread_in_native, id=40400, stack(0x29ad0000,0x29b20000)]
  0x266cdc00 JavaThread "File Watcher" daemon [_thread_blocked, id=41520, stack(0x299b0000,0x29a00000)]
  0x27af0000 JavaThread "Druid-ConnectionPool-Destroy-11547506" daemon [_thread_blocked, id=41600, stack(0x29320000,0x29370000)]
  0x27cfe400 JavaThread "Druid-ConnectionPool-Create-11547506" daemon [_thread_blocked, id=39328, stack(0x29290000,0x292e0000)]
  0x27be8000 JavaThread "Abandoned connection cleanup thread" daemon [_thread_blocked, id=41584, stack(0x28f00000,0x28f50000)]
  0x267a9400 JavaThread "container-0" [_thread_blocked, id=40084, stack(0x28b70000,0x28bc0000)]
  0x267a9000 JavaThread "ContainerBackgroundProcessor[StandardEngine[Tomcat].StandardHost[localhost].StandardContext[]]" daemon [_thread_blocked, id=41184, stack(0x28ae0000,0x28b30000)]
  0x255f2000 JavaThread "Service Thread" daemon [_thread_blocked, id=28568, stack(0x25d50000,0x25da0000)]
  0x255f3800 JavaThread "C1 CompilerThread0" daemon [_thread_blocked, id=41664, stack(0x25cc0000,0x25d10000)]
  0x255e9000 JavaThread "JDWP Command Reader" daemon [_thread_in_native, id=41036, stack(0x25c30000,0x25c80000)]
  0x255e6000 JavaThread "JDWP Event Helper Thread" daemon [_thread_blocked, id=41420, stack(0x25b60000,0x25bb0000)]
  0x255e4c00 JavaThread "JDWP Transport Listener: dt_socket" daemon [_thread_blocked, id=41512, stack(0x25ad0000,0x25b20000)]
  0x255d3c00 JavaThread "Attach Listener" daemon [_thread_blocked, id=39356, stack(0x25a40000,0x25a90000)]
  0x255c9400 JavaThread "Signal Dispatcher" daemon [_thread_blocked, id=41528, stack(0x259b0000,0x25a00000)]
  0x2558cc00 JavaThread "Finalizer" daemon [_thread_blocked, id=41428, stack(0x258d0000,0x25920000)]
  0x25587000 JavaThread "Reference Handler" daemon [_thread_blocked, id=41096, stack(0x25840000,0x25890000)]
  0x02a61c00 JavaThread "main" [_thread_blocked, id=41340, stack(0x011b0000,0x01200000)]

Other Threads:
  0x25572400 VMThread [stack: 0x257b0000,0x25800000] [id=41352]
  0x255fcc00 WatcherThread [stack: 0x25de0000,0x25e30000] [id=41960]

VM state:not at safepoint (normal execution)

VM Mutex/Monitor currently owned by a thread: None

Heap:
 def new generation   total 78720K, used 28875K [0x05000000, 0x0a560000, 0x0faa0000)
  eden space 70016K,  35% used [0x05000000, 0x0683d6d0, 0x09460000)
  from space 8704K,  46% used [0x09ce0000, 0x0a0d5588, 0x0a560000)
  to   space 8704K,   0% used [0x09460000, 0x09460000, 0x09ce0000)
 tenured generation   total 174784K, used 34857K [0x0faa0000, 0x1a550000, 0x25000000)
   the space 174784K,  19% used [0x0faa0000, 0x11caa548, 0x11caa600, 0x1a550000)
 Metaspace       used 31724K, capacity 31987K, committed 32256K, reserved 33152K

Card table byte_map: [0x25000000,0x25110000] byte_map_base: 0x24fd8000

Polling page: 0x01200000

CodeCache: size=32768Kb used=4298Kb max_used=4301Kb free=28469Kb
 bounds [0x02fd0000, 0x03408000, 0x04fd0000]
 total_blobs=2285 nmethods=2073 adapters=149
 compilation: enabled

Compilation events (10 events):
Event: 24.531 Thread 0x255f3800 2133             antlr.InputBuffer::syncConsume (48 bytes)
Event: 24.531 Thread 0x255f3800 nmethod 2133 0x0311c288 code [0x0311c380, 0x0311c450]
Event: 24.532 Thread 0x255f3800 2134             antlr.InputBuffer::LA (21 bytes)
Event: 24.532 Thread 0x255f3800 nmethod 2134 0x0311bc88 code [0x0311bd90, 0x0311be7c]
Event: 24.532 Thread 0x255f3800 2135             antlr.CharQueue::elementAt (17 bytes)
Event: 24.532 Thread 0x255f3800 nmethod 2135 0x0311ba08 code [0x0311bb00, 0x0311bbb0]
Event: 24.535 Thread 0x255f3800 2137             java.util.Arrays::fill (21 bytes)
Event: 24.535 Thread 0x255f3800 nmethod 2137 0x0311b748 code [0x0311b840, 0x0311b940]
Event: 24.567 Thread 0x255f3800 2138             com.alibaba.druid.sql.parser.Lexer::token (5 bytes)
Event: 24.567 Thread 0x255f3800 nmethod 2138 0x0311b3c8 code [0x0311b4c0, 0x0311b540]

GC Heap History (10 events):
Event: 12.744 GC heap before
{Heap before GC invocations=13 (full 1):
 def new generation   total 78720K, used 74736K [0x05000000, 0x0a560000, 0x0faa0000)
  eden space 70016K, 100% used [0x05000000, 0x09460000, 0x09460000)
  from space 8704K,  54% used [0x09ce0000, 0x0a17c040, 0x0a560000)
  to   space 8704K,   0% used [0x09460000, 0x09460000, 0x09ce0000)
 tenured generation   total 174784K, used 19991K [0x0faa0000, 0x1a550000, 0x25000000)
   the space 174784K,  11% used [0x0faa0000, 0x10e25c20, 0x10e25e00, 0x1a550000)
 Metaspace       used 18825K, capacity 19046K, committed 19200K, reserved 19840K
Event: 12.766 GC heap after
Heap after GC invocations=14 (full 1):
 def new generation   total 78720K, used 7521K [0x05000000, 0x0a560000, 0x0faa0000)
  eden space 70016K,   0% used [0x05000000, 0x05000000, 0x09460000)
  from space 8704K,  86% used [0x09460000, 0x09bb8790, 0x09ce0000)
  to   space 8704K,   0% used [0x09ce0000, 0x09ce0000, 0x0a560000)
 tenured generation   total 174784K, used 21150K [0x0faa0000, 0x1a550000, 0x25000000)
   the space 174784K,  12% used [0x0faa0000, 0x10f479f0, 0x10f47a00, 0x1a550000)
 Metaspace       used 18825K, capacity 19046K, committed 19200K, reserved 19840K
}
Event: 13.324 GC heap before
{Heap before GC invocations=14 (full 1):
 def new generation   total 78720K, used 26800K [0x05000000, 0x0a560000, 0x0faa0000)
  eden space 70016K,  27% used [0x05000000, 0x062d38c8, 0x09460000)
  from space 8704K,  86% used [0x09460000, 0x09bb8790, 0x09ce0000)
  to   space 8704K,   0% used [0x09ce0000, 0x09ce0000, 0x0a560000)
 tenured generation   total 174784K, used 21150K [0x0faa0000, 0x1a550000, 0x25000000)
   the space 174784K,  12% used [0x0faa0000, 0x10f479f0, 0x10f47a00, 0x1a550000)
 Metaspace       used 20187K, capacity 20392K, committed 20480K, reserved 20864K
Event: 13.419 GC heap after
Heap after GC invocations=15 (full 2):
 def new generation   total 78720K, used 0K [0x05000000, 0x0a560000, 0x0faa0000)
  eden space 70016K,   0% used [0x05000000, 0x05000000, 0x09460000)
  from space 8704K,   0% used [0x09460000, 0x09460000, 0x09ce0000)
  to   space 8704K,   0% used [0x09ce0000, 0x09ce0000, 0x0a560000)
 tenured generation   total 174784K, used 29025K [0x0faa0000, 0x1a550000, 0x25000000)
   the space 174784K,  16% used [0x0faa0000, 0x116f8758, 0x116f8800, 0x1a550000)
 Metaspace       used 20187K, capacity 20392K, committed 20480K, reserved 20864K
}
Event: 16.143 GC heap before
{Heap before GC invocations=15 (full 2):
 def new generation   total 78720K, used 70016K [0x05000000, 0x0a560000, 0x0faa0000)
  eden space 70016K, 100% used [0x05000000, 0x09460000, 0x09460000)
  from space 8704K,   0% used [0x09460000, 0x09460000, 0x09ce0000)
  to   space 8704K,   0% used [0x09ce0000, 0x09ce0000, 0x0a560000)
 tenured generation   total 174784K, used 29025K [0x0faa0000, 0x1a550000, 0x25000000)
   the space 174784K,  16% used [0x0faa0000, 0x116f8758, 0x116f8800, 0x1a550000)
 Metaspace       used 26982K, capacity 27245K, committed 27392K, reserved 28032K
Event: 16.162 GC heap after
Heap after GC invocations=16 (full 2):
 def new generation   total 78720K, used 8704K [0x05000000, 0x0a560000, 0x0faa0000)
  eden space 70016K,   0% used [0x05000000, 0x05000000, 0x09460000)
  from space 8704K, 100% used [0x09ce0000, 0x0a560000, 0x0a560000)
  to   space 8704K,   0% used [0x09460000, 0x09460000, 0x09ce0000)
 tenured generation   total 174784K, used 29476K [0x0faa0000, 0x1a550000, 0x25000000)
   the space 174784K,  16% used [0x0faa0000, 0x117691f0, 0x11769200, 0x1a550000)
 Metaspace       used 26982K, capacity 27245K, committed 27392K, reserved 28032K
}
Event: 18.013 GC heap before
{Heap before GC invocations=16 (full 2):
 def new generation   total 78720K, used 78720K [0x05000000, 0x0a560000, 0x0faa0000)
  eden space 70016K, 100% used [0x05000000, 0x09460000, 0x09460000)
  from space 8704K, 100% used [0x09ce0000, 0x0a560000, 0x0a560000)
  to   space 8704K,   0% used [0x09460000, 0x09460000, 0x09ce0000)
 tenured generation   total 174784K, used 29476K [0x0faa0000, 0x1a550000, 0x25000000)
   the space 174784K,  16% used [0x0faa0000, 0x117691f0, 0x11769200, 0x1a550000)
 Metaspace       used 29681K, capacity 29921K, committed 30080K, reserved 30080K
Event: 18.040 GC heap after
Heap after GC invocations=17 (full 2):
 def new generation   total 78720K, used 5905K [0x05000000, 0x0a560000, 0x0faa0000)
  eden space 70016K,   0% used [0x05000000, 0x05000000, 0x09460000)
  from space 8704K,  67% used [0x09460000, 0x09a245d0, 0x09ce0000)
  to   space 8704K,   0% used [0x09ce0000, 0x09ce0000, 0x0a560000)
 tenured generation   total 174784K, used 31878K [0x0faa0000, 0x1a550000, 0x25000000)
   the space 174784K,  18% used [0x0faa0000, 0x119c1808, 0x119c1a00, 0x1a550000)
 Metaspace       used 29681K, capacity 29921K, committed 30080K, reserved 30080K
}
Event: 19.886 GC heap before
{Heap before GC invocations=17 (full 2):
 def new generation   total 78720K, used 75921K [0x05000000, 0x0a560000, 0x0faa0000)
  eden space 70016K, 100% used [0x05000000, 0x09460000, 0x09460000)
  from space 8704K,  67% used [0x09460000, 0x09a245d0, 0x09ce0000)
  to   space 8704K,   0% used [0x09ce0000, 0x09ce0000, 0x0a560000)
 tenured generation   total 174784K, used 31878K [0x0faa0000, 0x1a550000, 0x25000000)
   the space 174784K,  18% used [0x0faa0000, 0x119c1808, 0x119c1a00, 0x1a550000)
 Metaspace       used 30493K, capacity 30758K, committed 30976K, reserved 31104K
Event: 19.913 GC heap after
Heap after GC invocations=18 (full 2):
 def new generation   total 78720K, used 4053K [0x05000000, 0x0a560000, 0x0faa0000)
  eden space 70016K,   0% used [0x05000000, 0x05000000, 0x09460000)
  from space 8704K,  46% used [0x09ce0000, 0x0a0d5588, 0x0a560000)
  to   space 8704K,   0% used [0x09460000, 0x09460000, 0x09ce0000)
 tenured generation   total 174784K, used 34857K [0x0faa0000, 0x1a550000, 0x25000000)
   the space 174784K,  19% used [0x0faa0000, 0x11caa548, 0x11caa600, 0x1a550000)
 Metaspace       used 30493K, capacity 30758K, committed 30976K, reserved 31104K
}

Deoptimization events (0 events):
No events

Internal exceptions (10 events):
Event: 19.814 Thread 0x26134000 Exception <a 'java/lang/ArrayIndexOutOfBoundsException'> (0x0929d920) thrown at [C:\re\workspace\8-2-build-windows-i586-cygwin\jdk8u131\8869\hotspot\src\share\vm\runtime\sharedRuntime.cpp, line 605]
Event: 20.187 Thread 0x26134000 Exception <a 'java/lang/NoSuchMethodError': org.apache.catalina.Context.getNamingToken()Ljava/lang/Object;> (0x05b22360) thrown at [C:\re\workspace\8-2-build-windows-i586-cygwin\jdk8u131\8869\hotspot\src\share\vm\interpreter\linkResolver.cpp, line 659]
Event: 24.476 Thread 0x266cc400 Exception <a 'java/lang/ArrayIndexOutOfBoundsException'> (0x060e1418) thrown at [C:\re\workspace\8-2-build-windows-i586-cygwin\jdk8u131\8869\hotspot\src\share\vm\runtime\sharedRuntime.cpp, line 605]
Event: 24.476 Thread 0x266cc400 Exception <a 'java/lang/ArrayIndexOutOfBoundsException'> (0x060e2280) thrown at [C:\re\workspace\8-2-build-windows-i586-cygwin\jdk8u131\8869\hotspot\src\share\vm\runtime\sharedRuntime.cpp, line 605]
Event: 24.476 Thread 0x266cc400 Exception <a 'java/lang/ArrayIndexOutOfBoundsException'> (0x060e4230) thrown at [C:\re\workspace\8-2-build-windows-i586-cygwin\jdk8u131\8869\hotspot\src\share\vm\runtime\sharedRuntime.cpp, line 605]
Event: 24.477 Thread 0x266cc400 Exception <a 'java/lang/ArrayIndexOutOfBoundsException'> (0x060e50a8) thrown at [C:\re\workspace\8-2-build-windows-i586-cygwin\jdk8u131\8869\hotspot\src\share\vm\runtime\sharedRuntime.cpp, line 605]
Event: 24.478 Thread 0x266cc400 Exception <a 'java/lang/ArrayIndexOutOfBoundsException'> (0x060e6a58) thrown at [C:\re\workspace\8-2-build-windows-i586-cygwin\jdk8u131\8869\hotspot\src\share\vm\runtime\sharedRuntime.cpp, line 605]
Event: 24.478 Thread 0x266cc400 Exception <a 'java/lang/ArrayIndexOutOfBoundsException'> (0x060e8790) thrown at [C:\re\workspace\8-2-build-windows-i586-cygwin\jdk8u131\8869\hotspot\src\share\vm\runtime\sharedRuntime.cpp, line 605]
Event: 24.478 Thread 0x266cc400 Exception <a 'java/lang/ArrayIndexOutOfBoundsException'> (0x060ea808) thrown at [C:\re\workspace\8-2-build-windows-i586-cygwin\jdk8u131\8869\hotspot\src\share\vm\runtime\sharedRuntime.cpp, line 605]
Event: 24.479 Thread 0x266cc400 Exception <a 'java/lang/ArrayIndexOutOfBoundsException'> (0x060ec9a0) thrown at [C:\re\workspace\8-2-build-windows-i586-cygwin\jdk8u131\8869\hotspot\src\share\vm\runtime\sharedRuntime.cpp, line 605]

Events (10 events):
Event: 25.148 Thread 0x266cc400 DEOPT PACKING pc=0x030d7594 sp=0x29a8d770
Event: 25.148 Thread 0x266cc400 DEOPT UNPACKING pc=0x0300c5db sp=0x29a8d690 mode 1
Event: 25.149 loading class org/hibernate/hql/internal/HolderInstantiator
Event: 25.149 loading class org/hibernate/hql/internal/HolderInstantiator done
Event: 25.149 Thread 0x266cc400 DEOPT PACKING pc=0x030e783c sp=0x29a8d770
Event: 25.149 Thread 0x266cc400 DEOPT UNPACKING pc=0x0300c5db sp=0x29a8d620 mode 1
Event: 25.149 Thread 0x266cc400 DEOPT PACKING pc=0x030d7628 sp=0x29a8d7c0
Event: 25.149 Thread 0x266cc400 DEOPT UNPACKING pc=0x0300c5db sp=0x29a8d6e0 mode 1
Event: 25.149 Thread 0x266cc400 DEOPT PACKING pc=0x030d7594 sp=0x29a8d8a0
Event: 25.149 Thread 0x266cc400 DEOPT UNPACKING pc=0x0300c5db sp=0x29a8d7c0 mode 1


Dynamic libraries:
0x00af0000 - 0x00b23000 	E:\Program Files\Java\jdk1.8.0_131\bin\javaw.exe
0x77290000 - 0x773ff000 	C:\windows\SYSTEM32\ntdll.dll
0x76a50000 - 0x76b90000 	C:\windows\SYSTEM32\KERNEL32.DLL
0x752b0000 - 0x75387000 	C:\windows\SYSTEM32\KERNELBASE.dll
0x6fd40000 - 0x6fdd9000 	C:\windows\system32\apphelp.dll
0x78a00000 - 0x78c59000 	C:\windows\AppPatch\AcGenral.DLL
0x76990000 - 0x76a4e000 	C:\windows\SYSTEM32\msvcrt.dll
0x750e0000 - 0x75121000 	C:\windows\SYSTEM32\sechost.dll
0x76910000 - 0x7692d000 	C:\windows\SYSTEM32\SspiCli.dll
0x76930000 - 0x76971000 	C:\windows\SYSTEM32\SHLWAPI.dll
0x6ff60000 - 0x7003b000 	C:\windows\SYSTEM32\UxTheme.dll
0x74e50000 - 0x74fa3000 	C:\windows\SYSTEM32\USER32.dll
0x766e0000 - 0x767ee000 	C:\windows\SYSTEM32\GDI32.dll
0x74490000 - 0x744b0000 	C:\windows\SYSTEM32\WINMM.dll
0x74430000 - 0x74442000 	C:\windows\SYSTEM32\samcli.dll
0x76c10000 - 0x76d39000 	C:\windows\SYSTEM32\ole32.dll
0x75190000 - 0x75227000 	C:\windows\SYSTEM32\OLEAUT32.dll
0x73b40000 - 0x73b55000 	C:\windows\SYSTEM32\MSACM32.dll
0x74a50000 - 0x74a58000 	C:\windows\SYSTEM32\VERSION.dll
0x75390000 - 0x7664c000 	C:\windows\SYSTEM32\SHELL32.dll
0x74a20000 - 0x74a39000 	C:\windows\SYSTEM32\USERENV.dll
0x722a0000 - 0x722b8000 	C:\windows\SYSTEM32\dwmapi.dll
0x72b00000 - 0x72c4b000 	C:\windows\SYSTEM32\urlmon.dll
0x76b90000 - 0x76c0c000 	C:\windows\SYSTEM32\ADVAPI32.dll
0x734a0000 - 0x734fe000 	C:\windows\SYSTEM32\WINSPOOL.DRV
0x703e0000 - 0x703f4000 	C:\windows\SYSTEM32\MPR.dll
0x76eb0000 - 0x76f6a000 	C:\windows\SYSTEM32\RPCRT4.dll
0x74ac0000 - 0x74ac9000 	C:\windows\SYSTEM32\CRYPTBASE.dll
0x74b20000 - 0x74c9d000 	C:\windows\SYSTEM32\combase.dll
0x74470000 - 0x74490000 	C:\windows\SYSTEM32\WINMMBASE.dll
0x74a10000 - 0x74a1e000 	C:\windows\SYSTEM32\profapi.dll
0x72360000 - 0x72595000 	C:\windows\SYSTEM32\iertutil.dll
0x71f70000 - 0x7221b000 	C:\windows\SYSTEM32\WININET.dll
0x74a60000 - 0x74ab4000 	C:\windows\SYSTEM32\bcryptPrimitives.dll
0x74fb0000 - 0x74fea000 	C:\windows\SYSTEM32\cfgmgr32.dll
0x74450000 - 0x7446f000 	C:\windows\SYSTEM32\DEVOBJ.dll
0x74810000 - 0x74886000 	C:\windows\SYSTEM32\SHCORE.DLL
0x766b0000 - 0x766d5000 	C:\windows\system32\IMM32.DLL
0x767f0000 - 0x76902000 	C:\windows\SYSTEM32\MSCTF.dll
0x6edf0000 - 0x6eff6000 	C:\windows\WinSxS\x86_microsoft.windows.common-controls_6595b64144ccf1df_6.0.9600.17810_none_a9edf09f013934e0\COMCTL32.dll
0x774b0000 - 0x7756f000 	E:\Program Files\Java\jdk1.8.0_131\jre\bin\msvcr100.dll
0x6c750000 - 0x6cb1e000 	E:\Program Files\Java\jdk1.8.0_131\jre\bin\client\jvm.dll
0x71110000 - 0x71118000 	C:\windows\SYSTEM32\WSOCK32.dll
0x76f70000 - 0x76f76000 	C:\windows\SYSTEM32\PSAPI.DLL
0x76660000 - 0x766af000 	C:\windows\SYSTEM32\WS2_32.dll
0x76980000 - 0x76987000 	C:\windows\SYSTEM32\NSI.dll
0x63ea0000 - 0x63eac000 	E:\Program Files\Java\jdk1.8.0_131\jre\bin\verify.dll
0x50e50000 - 0x50e71000 	E:\Program Files\Java\jdk1.8.0_131\jre\bin\java.dll
0x50710000 - 0x5073a000 	E:\Program Files\Java\jdk1.8.0_131\jre\bin\jdwp.dll
0x5c380000 - 0x5c387000 	E:\Program Files\Java\jdk1.8.0_131\jre\bin\npt.dll
0x506b0000 - 0x506c3000 	E:\Program Files\Java\jdk1.8.0_131\jre\bin\zip.dll
0x50e40000 - 0x50e48000 	E:\Program Files\Java\jdk1.8.0_131\jre\bin\dt_socket.dll
0x71860000 - 0x71870000 	C:\windows\system32\napinsp.dll
0x71840000 - 0x71854000 	C:\windows\system32\pnrpnsp.dll
0x71820000 - 0x71834000 	C:\windows\system32\NLAapi.dll
0x73a80000 - 0x73acb000 	C:\windows\System32\mswsock.dll
0x742c0000 - 0x7433e000 	C:\windows\SYSTEM32\DNSAPI.dll
0x71810000 - 0x71819000 	C:\windows\System32\winrnr.dll
0x741f0000 - 0x74211000 	C:\Program Files (x86)\Bonjour\mdnsNSP.dll
0x748e0000 - 0x748fe000 	C:\windows\SYSTEM32\Iphlpapi.DLL
0x74890000 - 0x74898000 	C:\windows\SYSTEM32\WINNSI.DLL
0x71800000 - 0x7180f000 	C:\windows\system32\wshbth.dll
0x70c00000 - 0x70c46000 	C:\windows\System32\fwpuclnt.dll
0x717f0000 - 0x717f7000 	C:\Windows\System32\rasadhlp.dll
0x50d30000 - 0x50d3a000 	E:\Program Files\Java\jdk1.8.0_131\jre\bin\management.dll
0x501f0000 - 0x50206000 	E:\Program Files\Java\jdk1.8.0_131\jre\bin\net.dll
0x50100000 - 0x5010f000 	E:\Program Files\Java\jdk1.8.0_131\jre\bin\nio.dll
0x71c20000 - 0x71c38000 	C:\windows\SYSTEM32\CRYPTSP.dll
0x71bf0000 - 0x71c1f000 	C:\windows\system32\rsaenh.dll
0x71bd0000 - 0x71bee000 	C:\windows\SYSTEM32\bcrypt.dll
0x74220000 - 0x74232000 	C:\windows\SYSTEM32\dhcpcsvc6.DLL
0x743a0000 - 0x743b3000 	C:\windows\SYSTEM32\dhcpcsvc.DLL
0x00400000 - 0x0047c000 	E:\Program Files\Genuitec\Workspaces\andon\lib\JCustomOpc.dll
0x6fef0000 - 0x6ff5b000 	C:\Program Files (x86)\Common Files\microsoft shared\ink\tiptsf.dll
0x74420000 - 0x74429000 	C:\windows\SYSTEM32\kernel.appcore.dll
0x75230000 - 0x752ad000 	C:\windows\SYSTEM32\clbcatq.dll
0x26eb0000 - 0x26ecc000 	C:\windows\SYSTEM32\opcproxy.dll
0x729b0000 - 0x72af8000 	C:\windows\SYSTEM32\dbghelp.dll

VM Arguments:
jvm_args: -agentlib:jdwp=transport=dt_socket,suspend=y,address=localhost:56591 -Xms256M -Xmx512M -XX:PermSize=256m -XX:MaxPermSize=512m -Dfile.encoding=UTF-8 
java_command: com.auto.Application
java_class_path (initial): E:\Program Files\Genuitec\Workspaces\andon\target\classes;C:\Users\u530\.m2\repository\org\apache\tomcat\embed\tomcat-embed-jasper\7.0.69\tomcat-embed-jasper-7.0.69.jar;C:\Users\u530\.m2\repository\org\apache\tomcat\embed\tomcat-embed-core\7.0.69\tomcat-embed-core-7.0.69.jar;C:\Users\u530\.m2\repository\org\apache\tomcat\embed\tomcat-embed-el\7.0.69\tomcat-embed-el-7.0.69.jar;C:\Users\u530\.m2\repository\org\eclipse\jdt\core\compiler\ecj\4.4.2\ecj-4.4.2.jar;C:\Users\u530\.m2\repository\javax\servlet\jstl\1.2\jstl-1.2.jar;C:\Users\u530\.m2\repository\org\springframework\boot\spring-boot-starter-web\1.4.0.RELEASE\spring-boot-starter-web-1.4.0.RELEASE.jar;C:\Users\u530\.m2\repository\org\springframework\boot\spring-boot-starter\1.4.0.RELEASE\spring-boot-starter-1.4.0.RELEASE.jar;C:\Users\u530\.m2\repository\org\springframework\boot\spring-boot-starter-logging\1.4.0.RELEASE\spring-boot-starter-logging-1.4.0.RELEASE.jar;C:\Users\u530\.m2\repository\ch\qos\logback\logback-classic\1.1.7\logback-classic-1.1.7.jar;C:\Users\u530\.m2\repository\ch\qos\logback\logback-core\1.1.7\logback-core-1.1.7.jar;C:\Users\u530\.m2\repository\org\slf4j\jul-to-slf4j\1.7.21\jul-to-slf4j-1.7.21.jar;C:\Users\u530\.m2\repository\org\slf4j\log4j-over-slf4j\1.7.21\log4j-over-slf4j-1.7.21.jar;C:\Users\u530\.m2\repository\org\yaml\snakeyaml\1.17\snakeyaml-1.17.jar;C:\Users\u530\.m2\repository\org\hibernate\hibernate-validator\5.2.4.Final\hibernate-validator-5.2.4.Final.jar;C:\Users\u530\.m2\repository\javax\validation\validation-api\1.1.0.Final\validation-api-1.1.0.Final.jar;C:\Users\u530\.m2\repository\org\jboss\logging\jboss-logging\3.3.0.Final\jboss-logging-3.3.0.Final.jar;C:\Users\u530\.m2\repository\com\fasterxml\classmate\1.3.1\classmate-1.3.1.jar;C:\Users\u530\.m2\repository\com\fasterxml\jackson\core\jackson-databind\2.8.1\jackson-databind-2.8.1.jar;C:\Users\u530\.m2\repository\com\fasterxml\jackson\core\jackson-annotations\2.8.1\jackson-annotations-2.8.1.jar;C:\
Launcher Type: SUN_STANDARD

Environment Variables:
JAVA_HOME=E:\Program Files\Java\jdk1.8.0_112
CLASSPATH=.;E:\Program Files\Java\jdk1.8.0_112\lib;E:\Program Files\Java\jdk1.8.0_112\lib\tools.jar
PATH=E:\Program Files\Java\jdk1.8.0_131\jre\bin;E:/Program Files/Java/jre1.8.0_112/bin/server;E:/Program Files/Java/jre1.8.0_112/bin;E:/Program Files/Java/jre1.8.0_112/lib/amd64;C:\ProgramData\Oracle\Java\javapath;C:\Program Files (x86)\Intel\iCLS Client\;C:\Program Files\Intel\iCLS Client\;C:\Program Files (x86)\NVIDIA Corporation\PhysX\Common;C:\windows\system32;C:\windows;C:\windows\System32\Wbem;C:\windows\System32\WindowsPowerShell\v1.0\;C:\Program Files\Intel\Intel(R) Management Engine Components\DAL;C:\Program Files\Intel\Intel(R) Management Engine Components\IPT;C:\Program Files (x86)\Intel\Intel(R) Management Engine Components\DAL;C:\Program Files (x86)\Intel\Intel(R) Management Engine Components\IPT;C:\Program Files\Intel\WiFi\bin\;C:\Program Files\Common Files\Intel\WirelessCommon\;C:\Program Files\Condusiv Technologies\ExpressCache\;E:\Program Files\VisualSVN Server\bin;C:\Program Files\Microsoft SQL Server\90\DTS\Binn\;C:\Program Files\Microsoft SQL Server\90\Tools\binn\;C:\Program Files (x86)\Microsoft SQL Server\90\Tools\binn\;C:\Program Files (x86)\Microsoft SQL Server\90\DTS\Binn\;C:\Program Files (x86)\Microsoft SQL Server\90\Tools\Binn\VSShell\Common7\IDE\;C:\Program Files (x86)\Microsoft Visual Studio 8\Common7\IDE\PrivateAssemblies\;E:\Program Files\Java\jdk1.8.0_112\bin;E:\Program Files\Java\jdk1.8.0_112\jre\bin;E:\Program Files\TortoiseSVN\bin;e:\Program Files\Git\cmd;E:\Program Files\UltraEdit\;E:\Program Files\eclipse;
USERNAME=u530
OS=Windows_NT
PROCESSOR_IDENTIFIER=Intel64 Family 6 Model 69 Stepping 1, GenuineIntel



---------------  S Y S T E M  ---------------

OS: Windows 8.1 , 64 bit Build 9600 (6.3.9600.17031)

CPU:total 4 (initial active 4) (2 cores per cpu, 2 threads per core) family 6 model 69 stepping 1, cmov, cx8, fxsr, mmx, sse, sse2, sse3, ssse3, sse4.1, sse4.2, popcnt, avx, avx2, aes, clmul, erms, lzcnt, ht, tsc, tscinvbit, bmi1, bmi2

Memory: 4k page, physical 8310040k(912964k free), swap 11586840k(1663632k free)

vm_info: Java HotSpot(TM) Client VM (25.131-b11) for windows-x86 JRE (1.8.0_131-b11), built on Mar 15 2017 01:26:29 by "java_re" with MS VC++ 10.0 (VS2010)

time: Sat Jun 24 18:50:48 2017
elapsed time: 25 seconds (0d 0h 0m 25s)

